<?xml version="1.0" encoding="UTF-8"?>
<!-- Generated by org.testng.reporters.JUnitReportReporter -->
<testsuite hostname="DESKTOP-QNIMO94" failures="0" tests="1" name="com.wordpress.TestcasesLoginPage.VerifyWordpressLogin" time="10.397" errors="0" timestamp="14 May 2021 04:38:39 GMT" skipped="0">
  <testcase classname="com.wordpress.TestcasesLoginPage.VerifyWordpressLogin" name="verifyValidLogin" time="10.397"/>
</testsuite> <!-- com.wordpress.TestcasesLoginPage.VerifyWordpressLogin -->
