<?xml version="1.0" encoding="UTF-8"?>
<!-- Generated by org.testng.reporters.JUnitReportReporter -->
<testsuite hostname="DESKTOP-QNIMO94" failures="0" tests="1" name="com.wordpress.TestcasesLoginPage.VerifyWordpressLoginPagenew" time="6.015" errors="0" timestamp="14 May 2021 09:07:38 GMT" skipped="0">
  <testcase classname="com.wordpress.TestcasesLoginPage.VerifyWordpressLoginPagenew" name="checkValidUser" time="6.015"/>
</testsuite> <!-- com.wordpress.TestcasesLoginPage.VerifyWordpressLoginPagenew -->
