<?xml version="1.0" encoding="UTF-8"?>
<!-- Generated by org.testng.reporters.JUnitReportReporter -->
<testsuite hostname="DESKTOP-QNIMO94" failures="0" tests="1" name="TestNG.TestUploadFile" time="7.679" errors="0" timestamp="14 May 2021 01:33:22 GMT" skipped="0">
  <testcase classname="TestNG.TestUploadFile" name="f" time="7.679"/>
</testsuite> <!-- TestNG.TestUploadFile -->
