<?xml version="1.0" encoding="UTF-8"?>
<!-- Generated by org.testng.reporters.JUnitReportReporter -->
<testsuite hostname="DESKTOP-QNIMO94" failures="0" tests="1" name="TestCSSselector.NewTest" time="3.094" errors="0" timestamp="10 May 2021 07:19:50 GMT" skipped="0">
  <testcase classname="TestCSSselector.NewTest" name="BeforeMethod" time="3.094"/>
</testsuite> <!-- TestCSSselector.NewTest -->
