<?xml version="1.0" encoding="UTF-8"?>
<!-- Generated by org.testng.reporters.JUnitReportReporter -->
<testsuite hostname="TraOLong" failures="0" tests="1" name="TestPage.LoginPagewithPageFactory" time="8.489" errors="0" timestamp="15 May 2021 08:30:55 GMT" skipped="0">
  <testcase classname="TestPage.LoginPagewithPageFactory" name="testCreateAccount" time="8.489"/>
</testsuite> <!-- TestPage.LoginPagewithPageFactory -->
