<?xml version="1.0" encoding="UTF-8"?>
<!-- Generated by org.testng.reporters.JUnitReportReporter -->
<testsuite hostname="TraOLong" failures="0" tests="1" name="TestPage.LoginPagewithPageFactory" time="7.326" errors="0" timestamp="15 May 2021 03:05:10 GMT" skipped="0">
  <testcase classname="TestPage.LoginPagewithPageFactory" name="testCreateAccount" time="7.326"/>
</testsuite> <!-- TestPage.LoginPagewithPageFactory -->
