<?xml version="1.0" encoding="UTF-8"?>
<!-- Generated by org.testng.reporters.JUnitReportReporter -->
<testsuite hostname="DESKTOP-QNIMO94" failures="0" tests="1" name="TestNG.TestHandle_IFrames" time="10.285" errors="0" timestamp="12 May 2021 13:25:25 GMT" skipped="0">
  <testcase classname="TestNG.TestHandle_IFrames" name="f1" time="10.285"/>
</testsuite> <!-- TestNG.TestHandle_IFrames -->
