<?xml version="1.0" encoding="UTF-8"?>
<!-- Generated by org.testng.reporters.JUnitReportReporter -->
<testsuite hostname="DESKTOP-QNIMO94" failures="0" tests="1" name="TestNG.TestHandleWindows" time="5.375" errors="0" timestamp="12 May 2021 09:29:23 GMT" skipped="0">
  <testcase classname="TestNG.TestHandleWindows" name="f" time="5.375"/>
</testsuite> <!-- TestNG.TestHandleWindows -->
