<?xml version="1.0" encoding="UTF-8"?>
<!-- Generated by org.testng.reporters.JUnitReportReporter -->
<testsuite hostname="TraOLong" failures="0" tests="1" name="TestNG.NewTest" time="156.349" errors="0" timestamp="31 May 2021 11:21:19 GMT" skipped="0">
  <testcase classname="TestNG.NewTest" name="FirstTest" time="156.349"/>
</testsuite> <!-- TestNG.NewTest -->
