<?xml version="1.0" encoding="UTF-8"?>
<!-- Generated by org.testng.reporters.JUnitReportReporter -->
<testsuite hostname="DESKTOP-QNIMO94" failures="0" tests="1" name="TestCSSselector.MainTest" time="176.575" errors="0" timestamp="10 May 2021 06:53:37 GMT" skipped="0">
  <testcase classname="TestCSSselector.MainTest" name="mainTest" time="176.575"/>
</testsuite> <!-- TestCSSselector.MainTest -->
