<?xml version="1.0" encoding="UTF-8"?>
<!-- Generated by org.testng.reporters.JUnitReportReporter -->
<testsuite hostname="DESKTOP-QNIMO94" failures="0" tests="1" name="TestNG.NewTest" time="112.270" errors="0" timestamp="12 May 2021 08:37:35 GMT" skipped="0">
  <testcase classname="TestNG.NewTest" name="FirstTest" time="112.270"/>
</testsuite> <!-- TestNG.NewTest -->
