<?xml version="1.0" encoding="UTF-8"?>
<!-- Generated by org.testng.reporters.JUnitReportReporter -->
<testsuite hostname="TraOLong" failures="0" tests="1" name="TestNG.TestHandle_IFrames" time="0.983" errors="0" timestamp="17 May 2021 03:48:56 GMT" skipped="0">
  <testcase classname="TestNG.TestHandle_IFrames" name="f1" time="0.983"/>
</testsuite> <!-- TestNG.TestHandle_IFrames -->
