<?xml version="1.0" encoding="UTF-8"?>
<!-- Generated by org.testng.reporters.JUnitReportReporter -->
<testsuite hostname="DESKTOP-QNIMO94" failures="0" tests="1" name="TestNG.NewTest" time="113.474" errors="0" timestamp="11 May 2021 07:17:12 GMT" skipped="0">
  <testcase classname="TestNG.NewTest" name="FirstTest" time="113.474"/>
</testsuite> <!-- TestNG.NewTest -->
